<?xml version="1.0" encoding="UTF-8"?>
<!-- Generated by org.testng.reporters.JUnitReportReporter -->
<testsuite hostname="deeapaksharma15" failures="0" tests="3" name="com.nagpassignment.RestAssuredNAGP.ApiTest.DeleteBookingTest" time="21.878" errors="0" timestamp="2023-09-11T20:21:18 IST" skipped="0">
  <testcase classname="com.nagpassignment.RestAssuredNAGP.ApiTest.DeleteBookingTest" name="VerifyDeleteBookingAPIWithValidBookingID" time="12.606"/>
  <system-out/>
  <testcase classname="com.nagpassignment.RestAssuredNAGP.ApiTest.DeleteBookingTest" name="VerifyDeleteBookingAPIWithInvalidBookingID" time="6.380"/>
  <system-out/>
  <testcase classname="com.nagpassignment.RestAssuredNAGP.ApiTest.DeleteBookingTest" name="VerifyDeleteBookingAPIWithoutAuthorization" time="2.892"/>
  <system-out/>
</testsuite> <!-- com.nagpassignment.RestAssuredNAGP.ApiTest.DeleteBookingTest -->
