<?xml version="1.0" encoding="UTF-8"?>
<!-- Generated by org.testng.reporters.JUnitReportReporter -->
<testsuite hostname="deeapaksharma15" failures="0" tests="3" name="com.nagpassignment.RestAssuredNAGP.ApiTest.GetAuthorTest" time="12.685" errors="0" timestamp="2023-09-11T17:57:19 IST" skipped="0">
  <testcase classname="com.nagpassignment.RestAssuredNAGP.ApiTest.GetAuthorTest" name="VerifyResponseUsingGetByID" time="3.661"/>
  <system-out/>
  <testcase classname="com.nagpassignment.RestAssuredNAGP.ApiTest.GetAuthorTest" name="VerifyErrorWithInvalidBookingId" time="2.710"/>
  <system-out/>
  <testcase classname="com.nagpassignment.RestAssuredNAGP.ApiTest.GetAuthorTest" name="VerifyGetAllBookingsAPI" time="6.314"/>
  <system-out/>
</testsuite> <!-- com.nagpassignment.RestAssuredNAGP.ApiTest.GetAuthorTest -->
