<?xml version="1.0" encoding="UTF-8"?>
<!-- Generated by org.testng.reporters.JUnitReportReporter -->
<testsuite hostname="deeapaksharma15" failures="0" tests="4" name="com.nagpassignment.RestAssuredNAGP.ApiTest.UpdateBookingTest" time="22.911" errors="0" timestamp="2023-09-11T20:13:25 IST" skipped="0">
  <testcase classname="com.nagpassignment.RestAssuredNAGP.ApiTest.UpdateBookingTest" name="VerifyUpdateBookingAPIWithPartialUpdate" time="6.373"/>
  <system-out/>
  <testcase classname="com.nagpassignment.RestAssuredNAGP.ApiTest.UpdateBookingTest" name="VerifyUpdateBookingAPIWithValidBookingID" time="7.079"/>
  <system-out/>
  <testcase classname="com.nagpassignment.RestAssuredNAGP.ApiTest.UpdateBookingTest" name="VerifyUpdateBookingAPIWithInvalidBookingID" time="5.934"/>
  <system-out/>
  <testcase classname="com.nagpassignment.RestAssuredNAGP.ApiTest.UpdateBookingTest" name="VerifyUpdateBookingAPIWithoutAuthorization" time="3.525"/>
  <system-out/>
</testsuite> <!-- com.nagpassignment.RestAssuredNAGP.ApiTest.UpdateBookingTest -->
