<?xml version="1.0" encoding="UTF-8"?>
<!-- Generated by org.testng.reporters.JUnitReportReporter -->
<testsuite hostname="deeapaksharma15" failures="0" tests="3" name="com.nagpassignment.RestAssuredNAGP.ApiTest.CreateBookingTest" time="9.762" errors="0" timestamp="2023-09-11T17:09:42 IST" skipped="0">
  <testcase classname="com.nagpassignment.RestAssuredNAGP.ApiTest.CreateBookingTest" name="VerifyBookingCreatedSuccessfullyWithValidData" time="4.121"/>
  <system-out/>
  <testcase classname="com.nagpassignment.RestAssuredNAGP.ApiTest.CreateBookingTest" name="VerifyErrorWhenPriceIsNotProvided" time="2.213"/>
  <system-out/>
  <testcase classname="com.nagpassignment.RestAssuredNAGP.ApiTest.CreateBookingTest" name="VerifyErrorWhenCheckinDateIsNotProvided" time="3.428"/>
  <system-out/>
</testsuite> <!-- com.nagpassignment.RestAssuredNAGP.ApiTest.CreateBookingTest -->
